<?xml version="1.0" encoding="UTF-8"?>
<testsuite xmlns:xsi="http://www.w3.org/2001/XMLSchema-instance" xsi:noNamespaceSchemaLocation="https://maven.apache.org/surefire/maven-surefire-plugin/xsd/surefire-test-report-3.0.xsd" version="3.0" name="com.ega.SpringWS.SpringWsApplicationTests" time="3.543" tests="1" errors="0" skipped="0" failures="0">
  <properties>
[...]
</properties>
  <testcase name="contextLoads" classname="com.ega.SpringWS.SpringWsApplicationTests" time="0.333">
    <system-out><![CDATA[11:37:24.458 [main] INFO org.springframework.test.context.support.AnnotationConfigContextLoaderUtils -- Could not detect default configuration classes for test class [com.ega.SpringWS.SpringWsApplicationTests]: SpringWsApplicationTests does not declare any static, non-private, non-final, nested classes annotated with @Configuration.
11:37:24.528 [main] INFO org.springframework.boot.test.context.SpringBootTestContextBootstrapper -- Found @SpringBootConfiguration com.ega.SpringWS.SpringWsApplication for test class com.ega.SpringWS.SpringWsApplicationTests

  .   ____          _            __ _ _
 /\\ / ___'_ __ _ _(_)_ __  __ _ \ \ \ \
( ( )\___ | '_ | '_| | '_ \/ _` | \ \ \ \
 \\/  ___)| |_)| | | | | || (_| |  ) ) ) )
  '  |____| .__|_| |_|_| |_\__, | / / / /
 =========|_|==============|___/=/_/_/_/

 :: Spring Boot ::                (v3.3.1)

2024-10-29T11:37:24.675+01:00  WARN 31359 --- [Spring REST Webservice] [           main] ory$DuplicateJsonObjectContextCustomizer : 

Found multiple occurrences of org.json.JSONObject on the class path:

	jar:file:/home/sa/.m2/repository/com/vaadin/external/google/android-json/0.0.20131108.vaadin1/android-json-0.0.20131108.vaadin1.jar!/org/json/JSONObject.class
	jar:file:/home/sa/.m2/repository/org/json/json/20240303/json-20240303.jar!/org/json/JSONObject.class

You may wish to exclude one of them to ensure predictable runtime behavior

2024-10-29T11:37:24.697+01:00  INFO 31359 --- [Spring REST Webservice] [           main] c.ega.SpringWS.SpringWsApplicationTests  : Starting SpringWsApplicationTests using Java 21.0.4 with PID 31359 (started by sa in /home/sa/NetBeansProjects/SpringWSrest)
2024-10-29T11:37:24.697+01:00  INFO 31359 --- [Spring REST Webservice] [           main] c.ega.SpringWS.SpringWsApplicationTests  : No active profile set, falling back to 1 default profile: "default"
2024-10-29T11:37:25.208+01:00  INFO 31359 --- [Spring REST Webservice] [           main] .s.d.r.c.RepositoryConfigurationDelegate : Bootstrapping Spring Data JPA repositories in DEFAULT mode.
2024-10-29T11:37:25.230+01:00  INFO 31359 --- [Spring REST Webservice] [           main] .s.d.r.c.RepositoryConfigurationDelegate : Finished Spring Data repository scanning in 19 ms. Found 1 JPA repository interface.
2024-10-29T11:37:25.425+01:00  INFO 31359 --- [Spring REST Webservice] [           main] o.hibernate.jpa.internal.util.LogHelper  : HHH000204: Processing PersistenceUnitInfo [name: default]
2024-10-29T11:37:25.443+01:00  INFO 31359 --- [Spring REST Webservice] [           main] org.hibernate.Version                    : HHH000412: Hibernate ORM core version 6.5.2.Final
2024-10-29T11:37:25.469+01:00  INFO 31359 --- [Spring REST Webservice] [           main] o.h.c.internal.RegionFactoryInitiator    : HHH000026: Second-level cache disabled
2024-10-29T11:37:25.610+01:00  INFO 31359 --- [Spring REST Webservice] [           main] o.s.o.j.p.SpringPersistenceUnitInfo      : No LoadTimeWeaver setup: ignoring JPA class transformer
2024-10-29T11:37:25.620+01:00  INFO 31359 --- [Spring REST Webservice] [           main] com.zaxxer.hikari.HikariDataSource       : HikariPool-1 - Starting...
2024-10-29T11:37:25.800+01:00  INFO 31359 --- [Spring REST Webservice] [           main] com.zaxxer.hikari.pool.HikariPool        : HikariPool-1 - Added connection org.postgresql.jdbc.PgConnection@18bb1b88
2024-10-29T11:37:25.801+01:00  INFO 31359 --- [Spring REST Webservice] [           main] com.zaxxer.hikari.HikariDataSource       : HikariPool-1 - Start completed.
2024-10-29T11:37:25.814+01:00  WARN 31359 --- [Spring REST Webservice] [           main] org.hibernate.orm.deprecation            : HHH90000025: PostgreSQLDialect does not need to be specified explicitly using 'hibernate.dialect' (remove the property setting and it will be selected by default)
2024-10-29T11:37:26.168+01:00  INFO 31359 --- [Spring REST Webservice] [           main] o.h.e.t.j.p.i.JtaPlatformInitiator       : HHH000489: No JTA platform available (set 'hibernate.transaction.jta.platform' to enable JTA platform integration)
2024-10-29T11:37:26.184+01:00  INFO 31359 --- [Spring REST Webservice] [           main] j.LocalContainerEntityManagerFactoryBean : Initialized JPA EntityManagerFactory for persistence unit 'default'
2024-10-29T11:37:26.378+01:00  INFO 31359 --- [Spring REST Webservice] [           main] o.s.d.j.r.query.QueryEnhancerFactory     : Hibernate is in classpath; If applicable, HQL parser will be used.
2024-10-29T11:37:26.643+01:00  WARN 31359 --- [Spring REST Webservice] [           main] JpaBaseConfiguration$JpaWebConfiguration : spring.jpa.open-in-view is enabled by default. Therefore, database queries may be performed during view rendering. Explicitly configure spring.jpa.open-in-view to disable this warning
2024-10-29T11:37:26.651+01:00  WARN 31359 --- [Spring REST Webservice] [           main] .s.s.UserDetailsServiceAutoConfiguration : 

Using generated security password: ee117916-b394-4357-9e90-1ced008f16c9

This generated password is for development use only. Your security configuration must be updated before running your application in production.

2024-10-29T11:37:26.656+01:00  INFO 31359 --- [Spring REST Webservice] [           main] r$InitializeUserDetailsManagerConfigurer : Global AuthenticationManager configured with UserDetailsService bean with name inMemoryUserDetailsManager
2024-10-29T11:37:26.699+01:00  INFO 31359 --- [Spring REST Webservice] [           main] o.s.b.a.w.s.WelcomePageHandlerMapping    : Adding welcome page: class path resource [static/index.html]
2024-10-29T11:37:27.542+01:00  INFO 31359 --- [Spring REST Webservice] [           main] c.ega.SpringWS.SpringWsApplicationTests  : Started SpringWsApplicationTests in 2.962 seconds (process running for 3.522)
]]></system-out>
    <system-err><![CDATA[WARNING: A Java agent has been loaded dynamically (/home/sa/.m2/repository/net/bytebuddy/byte-buddy-agent/1.14.17/byte-buddy-agent-1.14.17.jar)
WARNING: If a serviceability tool is in use, please run with -XX:+EnableDynamicAgentLoading to hide this warning
WARNING: If a serviceability tool is not in use, please run with -Djdk.instrument.traceUsage for more information
WARNING: Dynamic loading of agents will be disallowed by default in a future release
]]></system-err>
  </testcase>
</testsuite>